<?xml version="1.0" encoding="UTF-8"?>
<beans xmlns="http://www.springframework.org/schema/beans"
	xmlns:context="http://www.springframework.org/schema/context"
	xmlns:xsi="http://www.w3.org/2001/XMLSchema-instance" xmlns:tx="http://www.springframework.org/schema/tx"
	xsi:schemaLocation="http://www.springframework.org/schema/beans 
	http://www.springframework.org/schema/beans/spring-beans.xsd 
	http://www.springframework.org/schema/context
    http://www.springframework.org/schema/context/spring-context-3.1.xsd
	http://www.springframework.org/schema/tx
    http://www.springframework.org/schema/tx/spring-tx-3.1.xsd">

	<!-- bean definitions here -->
	<context:annotation-config />

	<context:property-placeholder 
	    location="/hibernate/testDataSource.properties" />

	<tx:annotation-driven transaction-manager="testTransactionManager" />

	<bean id="testTransactionManager"
		class="org.springframework.orm.hibernate4.HibernateTransactionManager">
		<property name="sessionFactory" ref="testSessionFactory"></property>
	</bean>

	<bean id="testSessionFactory"
		class="org.springframework.orm.hibernate4.LocalSessionFactoryBean">
		<property name="dataSource" ref="testDataSource"></property>
		<property name="packagesToScan" value="com.qorder.qorderws.model" />
		<property name="configLocation" value="hibernate/hibernate.cfg.xml" />
	</bean>

	<bean id="testDataSource"
		class="org.springframework.jdbc.datasource.DriverManagerDataSource">
		<property name="driverClassName" value="${driver}" />
		<property name="url" value="${url}" />
		<property name="username" value="${username}" />
		<property name="password" value="${password}" />
	</bean>

	<bean id="testBusinessDAO" class="com.qorder.qorderws.dao.BusinessDAO">
		<property name="sessionFactory" ref="testSessionFactory"></property>
	</bean>

	<bean id="testCategoryDAO" class="com.qorder.qorderws.dao.CategoryDAO">
		<property name="sessionFactory" ref="testSessionFactory"></property>
	</bean>

	<bean id="testProductDAO" class="com.qorder.qorderws.dao.ProductDAO">
		<property name="sessionFactory" ref="testSessionFactory"></property>
	</bean>

	<bean id="testOrderDAO" class="com.qorder.qorderws.dao.OrderDAO">
		<property name="sessionFactory" ref="testSessionFactory"></property>
	</bean>
</beans>
